# JRE version: OpenJDK Runtime Environment (8.0_412-b08) (build 1.8.0_412-b08)
# Java VM: OpenJDK 64-Bit Server VM (25.412-b08 mixed mode windows-amd64 compressed oops)
Heap:
 PSYoungGen      total 182784K, used 150999K [0x000000076b580000, 0x0000000778980000, 0x00000007c0000000)
  eden space 170496K, 88% used [0x000000076b580000,0x00000007748f5c50,0x0000000775c00000)
  from space 12288K, 0% used [0x0000000776880000,0x0000000776880000,0x0000000777480000)
  to   space 12800K, 0% used [0x0000000775c00000,0x0000000775c00000,0x0000000776880000)
 ParOldGen       total 132608K, used 13776K [0x00000006c2000000, 0x00000006ca180000, 0x000000076b580000)
  object space 132608K, 10% used [0x00000006c2000000,0x00000006c2d742f8,0x00000006ca180000)
 Metaspace       used 37139K, capacity 39909K, committed 40064K, reserved 1083392K
  class space    used 4934K, capacity 5439K, committed 5504K, reserved 1048576K
GC Heap History (10 events):
Event: 1.576 GC heap before
{Heap before GC invocations=4 (full 1):
 PSYoungGen      total 75776K, used 6345K [0x000000076b580000, 0x0000000774980000, 0x00000007c0000000)
  eden space 65024K, 0% used [0x000000076b580000,0x000000076b580000,0x000000076f500000)
  from space 10752K, 59% used [0x000000076f500000,0x000000076fb32468,0x000000076ff80000)
  to   space 10752K, 0% used [0x0000000773f00000,0x0000000773f00000,0x0000000774980000)
 ParOldGen       total 173568K, used 32K [0x00000006c2000000, 0x00000006cc980000, 0x000000076b580000)
  object space 173568K, 0% used [0x00000006c2000000,0x00000006c2008000,0x00000006cc980000)
 Metaspace       used 19891K, capacity 21192K, committed 21248K, reserved 1067008K
  class space    used 2523K, capacity 2776K, committed 2816K, reserved 1048576K
Event: 1.592 GC heap after
Heap after GC invocations=4 (full 1):
 PSYoungGen      total 75776K, used 0K [0x000000076b580000, 0x0000000774980000, 0x00000007c0000000)
  eden space 65024K, 0% used [0x000000076b580000,0x000000076b580000,0x000000076f500000)
  from space 10752K, 0% used [0x000000076f500000,0x000000076f500000,0x000000076ff80000)
  to   space 10752K, 0% used [0x0000000773f00000,0x0000000773f00000,0x0000000774980000)
 ParOldGen       total 91648K, used 6014K [0x00000006c2000000, 0x00000006c7980000, 0x000000076b580000)
  object space 91648K, 6% used [0x00000006c2000000,0x00000006c25df928,0x00000006c7980000)
 Metaspace       used 19891K, capacity 21192K, committed 21248K, reserved 1067008K
  class space    used 2523K, capacity 2776K, committed 2816K, reserved 1048576K
}
Event: 1.909 GC heap before
{Heap before GC invocations=5 (full 1):
 PSYoungGen      total 75776K, used 65024K [0x000000076b580000, 0x0000000774980000, 0x00000007c0000000)
  eden space 65024K, 100% used [0x000000076b580000,0x000000076f500000,0x000000076f500000)
  from space 10752K, 0% used [0x000000076f500000,0x000000076f500000,0x000000076ff80000)
  to   space 10752K, 0% used [0x0000000773f00000,0x0000000773f00000,0x0000000774980000)
 ParOldGen       total 91648K, used 6014K [0x00000006c2000000, 0x00000006c7980000, 0x000000076b580000)
  object space 91648K, 6% used [0x00000006c2000000,0x00000006c25df928,0x00000006c7980000)
 Metaspace       used 22685K, capacity 24166K, committed 24320K, reserved 1071104K
  class space    used 2918K, capacity 3205K, committed 3328K, reserved 1048576K
Event: 1.912 GC heap after
Heap after GC invocations=5 (full 1):
 PSYoungGen      total 113152K, used 5216K [0x000000076b580000, 0x0000000774480000, 0x00000007c0000000)
  eden space 107520K, 0% used [0x000000076b580000,0x000000076b580000,0x0000000771e80000)
  from space 5632K, 92% used [0x0000000773f00000,0x00000007744183b0,0x0000000774480000)
  to   space 10752K, 0% used [0x0000000772f80000,0x0000000772f80000,0x0000000773a00000)
 ParOldGen       total 91648K, used 6022K [0x00000006c2000000, 0x00000006c7980000, 0x000000076b580000)
  object space 91648K, 6% used [0x00000006c2000000,0x00000006c25e1928,0x00000006c7980000)
 Metaspace       used 22685K, capacity 24166K, committed 24320K, reserved 1071104K
  class space    used 2918K, capacity 3205K, committed 3328K, reserved 1048576K
}
Event: 7.330 GC heap before
{Heap before GC invocations=6 (full 1):
 PSYoungGen      total 113152K, used 112736K [0x000000076b580000, 0x0000000774480000, 0x00000007c0000000)
  eden space 107520K, 100% used [0x000000076b580000,0x0000000771e80000,0x0000000771e80000)
  from space 5632K, 92% used [0x0000000773f00000,0x00000007744183b0,0x0000000774480000)
  to   space 10752K, 0% used [0x0000000772f80000,0x0000000772f80000,0x0000000773a00000)
 ParOldGen       total 91648K, used 6022K [0x00000006c2000000, 0x00000006c7980000, 0x000000076b580000)
  object space 91648K, 6% used [0x00000006c2000000,0x00000006c25e1928,0x00000006c7980000)
 Metaspace       used 30859K, capacity 32882K, committed 33152K, reserved 1077248K
  class space    used 4014K, capacity 4387K, committed 4480K, reserved 1048576K
Event: 7.337 GC heap after
Heap after GC invocations=6 (full 1):
 PSYoungGen      total 135680K, used 10360K [0x000000076b580000, 0x0000000777480000, 0x00000007c0000000)
  eden space 124928K, 0% used [0x000000076b580000,0x000000076b580000,0x0000000772f80000)
  from space 10752K, 96% used [0x0000000772f80000,0x000000077399e100,0x0000000773a00000)
  to   space 12288K, 0% used [0x0000000776880000,0x0000000776880000,0x0000000777480000)
 ParOldGen       total 91648K, used 6094K [0x00000006c2000000, 0x00000006c7980000, 0x000000076b580000)
  object space 91648K, 6% used [0x00000006c2000000,0x00000006c25f3938,0x00000006c7980000)
 Metaspace       used 30859K, capacity 32882K, committed 33152K, reserved 1077248K
  class space    used 4014K, capacity 4387K, committed 4480K, reserved 1048576K
}
Event: 10.222 GC heap before
{Heap before GC invocations=7 (full 1):
 PSYoungGen      total 135680K, used 85146K [0x000000076b580000, 0x0000000777480000, 0x00000007c0000000)
  eden space 124928K, 59% used [0x000000076b580000,0x000000076fe887c0,0x0000000772f80000)
  from space 10752K, 96% used [0x0000000772f80000,0x000000077399e100,0x0000000773a00000)
  to   space 12288K, 0% used [0x0000000776880000,0x0000000776880000,0x0000000777480000)
 ParOldGen       total 91648K, used 6094K [0x00000006c2000000, 0x00000006c7980000, 0x000000076b580000)
  object space 91648K, 6% used [0x00000006c2000000,0x00000006c25f3938,0x00000006c7980000)
 Metaspace       used 33277K, capacity 35413K, committed 35416K, reserved 1079296K
  class space    used 4350K, capacity 4733K, committed 4736K, reserved 1048576K
Event: 10.228 GC heap after
Heap after GC invocations=7 (full 1):
 PSYoungGen      total 182784K, used 9462K [0x000000076b580000, 0x0000000778980000, 0x00000007c0000000)
  eden space 170496K, 0% used [0x000000076b580000,0x000000076b580000,0x0000000775c00000)
  from space 12288K, 77% used [0x0000000776880000,0x00000007771bdad0,0x0000000777480000)
  to   space 12800K, 0% used [0x0000000775c00000,0x0000000775c00000,0x0000000776880000)
 ParOldGen       total 91648K, used 6102K [0x00000006c2000000, 0x00000006c7980000, 0x000000076b580000)
  object space 91648K, 6% used [0x00000006c2000000,0x00000006c25f5938,0x00000006c7980000)
 Metaspace       used 33277K, capacity 35413K, committed 35416K, reserved 1079296K
  class space    used 4350K, capacity 4733K, committed 4736K, reserved 1048576K
}
Event: 10.228 GC heap before
{Heap before GC invocations=8 (full 2):
 PSYoungGen      total 182784K, used 9462K [0x000000076b580000, 0x0000000778980000, 0x00000007c0000000)
  eden space 170496K, 0% used [0x000000076b580000,0x000000076b580000,0x0000000775c00000)
  from space 12288K, 77% used [0x0000000776880000,0x00000007771bdad0,0x0000000777480000)
  to   space 12800K, 0% used [0x0000000775c00000,0x0000000775c00000,0x0000000776880000)
 ParOldGen       total 91648K, used 6102K [0x00000006c2000000, 0x00000006c7980000, 0x000000076b580000)
  object space 91648K, 6% used [0x00000006c2000000,0x00000006c25f5938,0x00000006c7980000)
 Metaspace       used 33277K, capacity 35413K, committed 35416K, reserved 1079296K
  class space    used 4350K, capacity 4733K, committed 4736K, reserved 1048576K
Event: 10.261 GC heap after
Heap after GC invocations=8 (full 2):
 PSYoungGen      total 182784K, used 0K [0x000000076b580000, 0x0000000778980000, 0x00000007c0000000)
  eden space 170496K, 0% used [0x000000076b580000,0x000000076b580000,0x0000000775c00000)
  from space 12288K, 0% used [0x0000000776880000,0x0000000776880000,0x0000000777480000)
  to   space 12800K, 0% used [0x0000000775c00000,0x0000000775c00000,0x0000000776880000)
 ParOldGen       total 132608K, used 13776K [0x00000006c2000000, 0x00000006ca180000, 0x000000076b580000)
  object space 132608K, 10% used [0x00000006c2000000,0x00000006c2d742f8,0x00000006ca180000)
 Metaspace       used 33277K, capacity 35413K, committed 35416K, reserved 1079296K
  class space    used 4350K, capacity 4733K, committed 4736K, reserved 1048576K
}

